[INFO] Scanning for projects...
[INFO] 
[INFO] --------------------< com.example:SpringBatchDemo >---------------------
[INFO] Building SpringBatchDemo 0.0.1-SNAPSHOT
[INFO]   from pom.xml
[INFO] --------------------------------[ jar ]---------------------------------
[INFO] 
[INFO] --- clean:3.5.0:clean (default-clean) @ SpringBatchDemo ---
[INFO] Deleting F:\GitHub projects\SpringBatchDemo\target
[INFO] 
[INFO] --- resources:3.3.1:resources (default-resources) @ SpringBatchDemo ---
[INFO] Copying 1 resource from src\main\resources to target\classes
[INFO] Copying 1 resource from src\main\resources to target\classes
[INFO] 
[INFO] --- compiler:3.14.1:compile (default-compile) @ SpringBatchDemo ---
[INFO] Recompiling the module because of changed source code.
[INFO] Compiling 5 source files with javac [debug parameters release 17] to target\classes
[INFO] -------------------------------------------------------------
[ERROR] COMPILATION ERROR : 
[INFO] -------------------------------------------------------------
[ERROR] /F:/GitHub projects/SpringBatchDemo/src/main/java/com/example/demo/config/SpringBatchConfig.java:[33,31] cannot find symbol
  symbol:   class Customer
  location: class com.example.demo.config.SpringBatchConfig
[ERROR] /F:/GitHub projects/SpringBatchDemo/src/main/java/com/example/demo/config/SpringBatchConfig.java:[42,24] cannot find symbol
  symbol:   class Customer
  location: class com.example.demo.config.SpringBatchConfig
[ERROR] /F:/GitHub projects/SpringBatchDemo/src/main/java/com/example/demo/config/SpringBatchConfig.java:[65,33] cannot find symbol
  symbol:   class Customer
  location: class com.example.demo.config.SpringBatchConfig
[ERROR] /F:/GitHub projects/SpringBatchDemo/src/main/java/com/example/demo/config/SpringBatchConfig.java:[73,12] cannot find symbol
  symbol:   class Step
  location: class com.example.demo.config.SpringBatchConfig
[ERROR] /F:/GitHub projects/SpringBatchDemo/src/main/java/com/example/demo/config/SpringBatchConfig.java:[84,12] cannot find symbol
  symbol:   class Job
  location: class com.example.demo.config.SpringBatchConfig
[INFO] 5 errors 
[INFO] -------------------------------------------------------------
[INFO] ------------------------------------------------------------------------
[INFO] BUILD FAILURE
[INFO] ------------------------------------------------------------------------
[INFO] Total time:  4.407 s
[INFO] Finished at: 2025-12-30T12:03:08+05:30
[INFO] ------------------------------------------------------------------------
[ERROR] Failed to execute goal org.apache.maven.plugins:maven-compiler-plugin:3.14.1:compile (default-compile) on project SpringBatchDemo: Compilation failure: Compilation failure: 
[ERROR] /F:/GitHub projects/SpringBatchDemo/src/main/java/com/example/demo/config/SpringBatchConfig.java:[33,31] cannot find symbol
[ERROR]   symbol:   class Customer
[ERROR]   location: class com.example.demo.config.SpringBatchConfig
[ERROR] /F:/GitHub projects/SpringBatchDemo/src/main/java/com/example/demo/config/SpringBatchConfig.java:[42,24] cannot find symbol
[ERROR]   symbol:   class Customer
[ERROR]   location: class com.example.demo.config.SpringBatchConfig
[ERROR] /F:/GitHub projects/SpringBatchDemo/src/main/java/com/example/demo/config/SpringBatchConfig.java:[65,33] cannot find symbol
[ERROR]   symbol:   class Customer
[ERROR]   location: class com.example.demo.config.SpringBatchConfig
[ERROR] /F:/GitHub projects/SpringBatchDemo/src/main/java/com/example/demo/config/SpringBatchConfig.java:[73,12] cannot find symbol
[ERROR]   symbol:   class Step
[ERROR]   location: class com.example.demo.config.SpringBatchConfig
[ERROR] /F:/GitHub projects/SpringBatchDemo/src/main/java/com/example/demo/config/SpringBatchConfig.java:[84,12] cannot find symbol
[ERROR]   symbol:   class Job
[ERROR]   location: class com.example.demo.config.SpringBatchConfig
[ERROR] -> [Help 1]
[ERROR] 
[ERROR] To see the full stack trace of the errors, re-run Maven with the -e switch.
[ERROR] Re-run Maven using the -X switch to enable full debug logging.
[ERROR] 
[ERROR] For more information about the errors and possible solutions, please read the following articles:
[ERROR] [Help 1] http://cwiki.apache.org/confluence/display/MAVEN/MojoFailureException
